{"C:\\Users\\Alfa\\Desktop\\hexlet\\frontend\\frontend-project-lvl2\\src\\index.js": {"path":"C:\\Users\\Alfa\\Desktop\\hexlet\\frontend\\frontend-project-lvl2\\src\\index.js","statementMap":{"0":{"start":{"line":5,"column":16},"end":{"line":26,"column":1}},"1":{"start":{"line":6,"column":17},"end":{"line":6,"column":19}},"2":{"start":{"line":7,"column":16},"end":{"line":7,"column":59}},"3":{"start":{"line":8,"column":16},"end":{"line":8,"column":59}},"4":{"start":{"line":10,"column":15},"end":{"line":10,"column":62}},"5":{"start":{"line":12,"column":2},"end":{"line":23,"column":5}},"6":{"start":{"line":13,"column":4},"end":{"line":22,"column":5}},"7":{"start":{"line":14,"column":6},"end":{"line":14,"column":63}},"8":{"start":{"line":15,"column":11},"end":{"line":22,"column":5}},"9":{"start":{"line":16,"column":6},"end":{"line":16,"column":63}},"10":{"start":{"line":17,"column":11},"end":{"line":22,"column":5}},"11":{"start":{"line":18,"column":6},"end":{"line":18,"column":63}},"12":{"start":{"line":20,"column":6},"end":{"line":20,"column":63}},"13":{"start":{"line":21,"column":6},"end":{"line":21,"column":63}},"14":{"start":{"line":25,"column":2},"end":{"line":25,"column":85}},"15":{"start":{"line":25,"column":30},"end":{"line":25,"column":72}}},"fnMap":{"0":{"name":"(anonymous_0)","decl":{"start":{"line":5,"column":16},"end":{"line":5,"column":17}},"loc":{"start":{"line":5,"column":34},"end":{"line":26,"column":1}},"line":5},"1":{"name":"(anonymous_1)","decl":{"start":{"line":12,"column":15},"end":{"line":12,"column":16}},"loc":{"start":{"line":12,"column":24},"end":{"line":23,"column":3}},"line":12},"2":{"name":"(anonymous_2)","decl":{"start":{"line":25,"column":20},"end":{"line":25,"column":21}},"loc":{"start":{"line":25,"column":30},"end":{"line":25,"column":72}},"line":25}},"branchMap":{"0":{"loc":{"start":{"line":13,"column":4},"end":{"line":22,"column":5}},"type":"if","locations":[{"start":{"line":13,"column":4},"end":{"line":22,"column":5}},{"start":{"line":13,"column":4},"end":{"line":22,"column":5}}],"line":13},"1":{"loc":{"start":{"line":15,"column":11},"end":{"line":22,"column":5}},"type":"if","locations":[{"start":{"line":15,"column":11},"end":{"line":22,"column":5}},{"start":{"line":15,"column":11},"end":{"line":22,"column":5}}],"line":15},"2":{"loc":{"start":{"line":17,"column":11},"end":{"line":22,"column":5}},"type":"if","locations":[{"start":{"line":17,"column":11},"end":{"line":22,"column":5}},{"start":{"line":17,"column":11},"end":{"line":22,"column":5}}],"line":17}},"s":{"0":1,"1":1,"2":1,"3":1,"4":1,"5":1,"6":5,"7":2,"8":3,"9":1,"10":2,"11":1,"12":1,"13":1,"14":1,"15":6},"f":{"0":1,"1":5,"2":6},"b":{"0":[2,3],"1":[1,2],"2":[1,1]},"_coverageSchema":"1a1c01bbd47fc00a2c39e90264f33305004495a9","hash":"077e4e50375768a511d8968959b9d39c91ea8967"}
,"C:\\Users\\Alfa\\Desktop\\hexlet\\frontend\\frontend-project-lvl2\\src\\helpers\\getFixturePath.js": {"path":"C:\\Users\\Alfa\\Desktop\\hexlet\\frontend\\frontend-project-lvl2\\src\\helpers\\getFixturePath.js","statementMap":{"0":{"start":{"line":3,"column":23},"end":{"line":3,"column":100}},"1":{"start":{"line":3,"column":37},"end":{"line":3,"column":100}}},"fnMap":{"0":{"name":"(anonymous_0)","decl":{"start":{"line":3,"column":23},"end":{"line":3,"column":24}},"loc":{"start":{"line":3,"column":37},"end":{"line":3,"column":100}},"line":3}},"branchMap":{},"s":{"0":1,"1":2},"f":{"0":2},"b":{},"_coverageSchema":"1a1c01bbd47fc00a2c39e90264f33305004495a9","hash":"a89cfc4c74b6761672794c9d861bd41b54331f4e"}
,"C:\\Users\\Alfa\\Desktop\\hexlet\\frontend\\frontend-project-lvl2\\src\\helpers\\readFile.js": {"path":"C:\\Users\\Alfa\\Desktop\\hexlet\\frontend\\frontend-project-lvl2\\src\\helpers\\readFile.js","statementMap":{"0":{"start":{"line":3,"column":17},"end":{"line":3,"column":57}},"1":{"start":{"line":3,"column":27},"end":{"line":3,"column":57}}},"fnMap":{"0":{"name":"(anonymous_0)","decl":{"start":{"line":3,"column":17},"end":{"line":3,"column":18}},"loc":{"start":{"line":3,"column":27},"end":{"line":3,"column":57}},"line":3}},"branchMap":{},"s":{"0":1,"1":2},"f":{"0":2},"b":{},"_coverageSchema":"1a1c01bbd47fc00a2c39e90264f33305004495a9","hash":"6fac97a7e40e3d64ed780774c3151481eafa7d60"}
}
